[debug] [2022-04-28T17:43:50.275Z] ----------------------------------------------------------------------
[debug] [2022-04-28T17:43:50.276Z] Command:       /usr/local/bin/node /usr/local/bin/firebase init
[debug] [2022-04-28T17:43:50.276Z] CLI Version:   10.7.1
[debug] [2022-04-28T17:43:50.276Z] Platform:      darwin
[debug] [2022-04-28T17:43:50.276Z] Node Version:  v16.13.0
[debug] [2022-04-28T17:43:50.277Z] Time:          Thu Apr 28 2022 17:43:50 GMT+0000 (GMT)
[debug] [2022-04-28T17:43:50.277Z] ----------------------------------------------------------------------
[debug] 
[debug] [2022-04-28T17:43:50.331Z] > command requires scopes: ["email","openid","https://www.googleapis.com/auth/cloudplatformprojects.readonly","https://www.googleapis.com/auth/firebase","https://www.googleapis.com/auth/cloud-platform"]
[debug] [2022-04-28T17:43:50.331Z] > authorizing via signed-in user (ayob.aberghaz@gmail.com)
[info] 
     ######## #### ########  ######## ########     ###     ######  ########
     ##        ##  ##     ## ##       ##     ##  ##   ##  ##       ##
     ######    ##  ########  ######   ########  #########  ######  ######
     ##        ##  ##    ##  ##       ##     ## ##     ##       ## ##
     ##       #### ##     ## ######## ########  ##     ##  ######  ########

You're about to initialize a Firebase project in this directory:

  /Users/ayoub

Before we get started, keep in mind:

  * You are currently outside your home directory
  * You are initializing within an existing Firebase project directory

[debug] [2022-04-28T17:58:11.679Z] ----------------------------------------------------------------------
[debug] [2022-04-28T17:58:11.680Z] Command:       /usr/local/bin/node /usr/local/bin/firebase init
[debug] [2022-04-28T17:58:11.681Z] CLI Version:   10.7.1
[debug] [2022-04-28T17:58:11.681Z] Platform:      darwin
[debug] [2022-04-28T17:58:11.681Z] Node Version:  v16.13.0
[debug] [2022-04-28T17:58:11.681Z] Time:          Thu Apr 28 2022 17:58:11 GMT+0000 (GMT)
[debug] [2022-04-28T17:58:11.682Z] ----------------------------------------------------------------------
[debug] 
[debug] [2022-04-28T17:58:11.736Z] > command requires scopes: ["email","openid","https://www.googleapis.com/auth/cloudplatformprojects.readonly","https://www.googleapis.com/auth/firebase","https://www.googleapis.com/auth/cloud-platform"]
[debug] [2022-04-28T17:58:11.737Z] > authorizing via signed-in user (ayob.aberghaz@gmail.com)
[info] 
     ######## #### ########  ######## ########     ###     ######  ########
     ##        ##  ##     ## ##       ##     ##  ##   ##  ##       ##
     ######    ##  ########  ######   ########  #########  ######  ######
     ##        ##  ##    ##  ##       ##     ## ##     ##       ## ##
     ##       #### ##     ## ######## ########  ##     ##  ######  ########

You're about to initialize a Firebase project in this directory:

  /Users/ayoub

Before we get started, keep in mind:

  * You are currently outside your home directory
  * You are initializing within an existing Firebase project directory

[debug] [2022-04-28T18:07:34.590Z] ----------------------------------------------------------------------
[debug] [2022-04-28T18:07:34.591Z] Command:       /usr/local/bin/node /usr/local/bin/firebase init
[debug] [2022-04-28T18:07:34.592Z] CLI Version:   10.7.1
[debug] [2022-04-28T18:07:34.592Z] Platform:      darwin
[debug] [2022-04-28T18:07:34.592Z] Node Version:  v16.13.0
[debug] [2022-04-28T18:07:34.593Z] Time:          Thu Apr 28 2022 18:07:34 GMT+0000 (GMT)
[debug] [2022-04-28T18:07:34.593Z] ----------------------------------------------------------------------
[debug] 
[debug] [2022-04-28T18:07:34.646Z] > command requires scopes: ["email","openid","https://www.googleapis.com/auth/cloudplatformprojects.readonly","https://www.googleapis.com/auth/firebase","https://www.googleapis.com/auth/cloud-platform"]
[debug] [2022-04-28T18:07:34.646Z] > authorizing via signed-in user (ayob.aberghaz@gmail.com)
[info] 
     ######## #### ########  ######## ########     ###     ######  ########
     ##        ##  ##     ## ##       ##     ##  ##   ##  ##       ##
     ######    ##  ########  ######   ########  #########  ######  ######
     ##        ##  ##    ##  ##       ##     ## ##     ##       ## ##
     ##       #### ##     ## ######## ########  ##     ##  ######  ########

You're about to initialize a Firebase project in this directory:

  /Users/ayoub

Before we get started, keep in mind:

  * You are currently outside your home directory
  * You are initializing within an existing Firebase project directory

[debug] [2022-04-28T18:16:00.264Z] ----------------------------------------------------------------------
[debug] [2022-04-28T18:16:00.265Z] Command:       /usr/local/bin/node /usr/local/bin/firebase init
[debug] [2022-04-28T18:16:00.266Z] CLI Version:   10.7.1
[debug] [2022-04-28T18:16:00.266Z] Platform:      darwin
[debug] [2022-04-28T18:16:00.266Z] Node Version:  v16.13.0
[debug] [2022-04-28T18:16:00.266Z] Time:          Thu Apr 28 2022 18:16:00 GMT+0000 (GMT)
[debug] [2022-04-28T18:16:00.267Z] ----------------------------------------------------------------------
[debug] 
[debug] [2022-04-28T18:16:00.319Z] > command requires scopes: ["email","openid","https://www.googleapis.com/auth/cloudplatformprojects.readonly","https://www.googleapis.com/auth/firebase","https://www.googleapis.com/auth/cloud-platform"]
[debug] [2022-04-28T18:16:00.319Z] > authorizing via signed-in user (ayob.aberghaz@gmail.com)
[info] 
     ######## #### ########  ######## ########     ###     ######  ########
     ##        ##  ##     ## ##       ##     ##  ##   ##  ##       ##
     ######    ##  ########  ######   ########  #########  ######  ######
     ##        ##  ##    ##  ##       ##     ## ##     ##       ## ##
     ##       #### ##     ## ######## ########  ##     ##  ######  ########

You're about to initialize a Firebase project in this directory:

  /Users/ayoub

Before we get started, keep in mind:

  * You are currently outside your home directory
  * You are initializing within an existing Firebase project directory

[info] 
=== Project Setup
[info] 
[info] First, let's associate this project directory with a Firebase project.
[info] You can create multiple project aliases by running firebase use --add, 
[info] but for now we'll just set up a default project.
[info] 
[debug] [2022-04-28T18:17:18.800Z] Using project from CLI flag: flight-ticket-online
[debug] [2022-04-28T18:17:18.802Z] >>> [apiv2][query] GET https://firebase.googleapis.com/v1beta1/projects/flight-ticket-online [none]
[debug] [2022-04-28T18:17:19.157Z] <<< [apiv2][status] GET https://firebase.googleapis.com/v1beta1/projects/flight-ticket-online 200
[debug] [2022-04-28T18:17:19.157Z] <<< [apiv2][body] GET https://firebase.googleapis.com/v1beta1/projects/flight-ticket-online {"projectId":"flight-ticket-online","projectNumber":"997178172931","displayName":"flight-ticket-online","name":"projects/flight-ticket-online","resources":{"hostingSite":"flight-ticket-online"},"state":"ACTIVE"}
[info] i  Using project flight-ticket-online (flight-ticket-online) 
[info] 
=== Hosting:github Setup
[info] 
[info] i  Detected a .git folder at /Users/ayoub/Desktop 
[info] i  Authorizing with GitHub to upload your service account to a GitHub repository's secrets store. 
[info] 
[info] Visit this URL on this device to log in:
[info] https://github.com/login/oauth/authorize?client_id=89cf50f02ac6aaed3484&state=15444323&redirect_uri=http%3A%2F%2Flocalhost%3A9005&scope=read%3Auser%20repo%20public_repo
[info] 
[info] Waiting for authentication...
[debug] [2022-04-28T18:17:20.604Z] >>> HTTP REQUEST POST https://github.com/login/oauth/access_token  
 {"client_id":"89cf50f02ac6aaed3484","client_secret":"3330d14abc895d9a74d5f17cd7a00711fa2c5bf0","code":"42842f0d1accccf6d98e","redirect_uri":"http://localhost:9005","state":"15444323"}
[debug] [2022-04-28T18:17:21.004Z] <<< HTTP RESPONSE 200 {"server":"GitHub.com","date":"Thu, 28 Apr 2022 18:17:21 GMT","content-type":"application/json; charset=utf-8","transfer-encoding":"chunked","vary":"X-PJAX, X-PJAX-Container, Accept-Encoding, Accept, X-Requested-With","permissions-policy":"interest-cohort=()","etag":"W/\"00b09f37ce9650fb9fd7b866d3bffd5b\"","cache-control":"max-age=0, private, must-revalidate","strict-transport-security":"max-age=31536000; includeSubdomains; preload","x-frame-options":"deny","x-content-type-options":"nosniff","x-xss-protection":"0","referrer-policy":"origin-when-cross-origin, strict-origin-when-cross-origin","expect-ct":"max-age=2592000, report-uri=\"https://api.github.com/_private/browser/errors\"","content-security-policy":"default-src 'none'; base-uri 'self'; block-all-mixed-content; child-src github.com/assets-cdn/worker/ gist.github.com/assets-cdn/worker/; connect-src 'self' uploads.github.com objects-origin.githubusercontent.com www.githubstatus.com collector.github.com raw.githubusercontent.com api.github.com github-cloud.s3.amazonaws.com github-production-repository-file-5c1aeb.s3.amazonaws.com github-production-upload-manifest-file-7fdce7.s3.amazonaws.com github-production-user-asset-6210df.s3.amazonaws.com cdn.optimizely.com logx.optimizely.com/v1/events translator.github.com *.actions.githubusercontent.com wss://*.actions.githubusercontent.com online.visualstudio.com/api/v1/locations github-production-repository-image-32fea6.s3.amazonaws.com github-production-release-asset-2e65be.s3.amazonaws.com insights.github.com wss://alive.github.com; font-src github.githubassets.com; form-action 'self' github.com gist.github.com objects-origin.githubusercontent.com; frame-ancestors 'none'; frame-src render.githubusercontent.com viewscreen.githubusercontent.com notebooks.githubusercontent.com; img-src 'self' data: github.githubassets.com identicons.github.com github-cloud.s3.amazonaws.com secured-user-images.githubusercontent.com/ *.githubusercontent.com; manifest-src 'self'; media-src github.com user-images.githubusercontent.com/; script-src github.githubassets.com; style-src 'unsafe-inline' github.githubassets.com; worker-src github.com/assets-cdn/worker/ gist.github.com/assets-cdn/worker/","x-github-request-id":"F6C1:9F78:2F9A6:31F61:626ADA30"}
[debug] [2022-04-28T18:17:21.018Z] >>> [apiv2][query] GET https://api.github.com/user [none]
[debug] [2022-04-28T18:17:21.432Z] <<< [apiv2][status] GET https://api.github.com/user 200
[debug] [2022-04-28T18:17:21.432Z] <<< [apiv2][body] GET https://api.github.com/user {"login":"ayoubaberghaz","id":94006516,"node_id":"U_kgDOBZps9A","avatar_url":"https://avatars.githubusercontent.com/u/94006516?v=4","gravatar_id":"","url":"https://api.github.com/users/ayoubaberghaz","html_url":"https://github.com/ayoubaberghaz","followers_url":"https://api.github.com/users/ayoubaberghaz/followers","following_url":"https://api.github.com/users/ayoubaberghaz/following{/other_user}","gists_url":"https://api.github.com/users/ayoubaberghaz/gists{/gist_id}","starred_url":"https://api.github.com/users/ayoubaberghaz/starred{/owner}{/repo}","subscriptions_url":"https://api.github.com/users/ayoubaberghaz/subscriptions","organizations_url":"https://api.github.com/users/ayoubaberghaz/orgs","repos_url":"https://api.github.com/users/ayoubaberghaz/repos","events_url":"https://api.github.com/users/ayoubaberghaz/events{/privacy}","received_events_url":"https://api.github.com/users/ayoubaberghaz/received_events","type":"User","site_admin":false,"name":null,"company":null,"blog":"","location":null,"email":null,"hireable":null,"bio":null,"twitter_username":null,"public_repos":1,"public_gists":0,"followers":0,"following":0,"created_at":"2021-11-09T17:06:59Z","updated_at":"2022-04-27T09:58:51Z","private_gists":0,"total_private_repos":0,"owned_private_repos":0,"disk_usage":445,"collaborators":0,"two_factor_authentication":false,"plan":{"name":"free","space":976562499,"collaborators":0,"private_repos":10000}}
[info] 
[info] ✔  Success! Logged into GitHub as ayoubaberghaz 
[info] 
